<?xml version="1.0" encoding="UTF-8"?>
<!-- Generated by org.testng.reporters.JUnitReportReporter -->
<testsuite skipped="0" hostname="Lenovo-PC" name="com.OnlineApp.qa.testcases.RegisterUser" tests="1" failures="0" timestamp="16 May 2020 05:45:04 GMT" time="32.557" errors="0">
  <testcase name="registerUserTest" time="32.557" classname="com.OnlineApp.qa.testcases.RegisterUser"/>
</testsuite> <!-- com.OnlineApp.qa.testcases.RegisterUser -->
