<?xml version="1.0" encoding="UTF-8"?>
<!-- Generated by org.testng.reporters.JUnitReportReporter -->
<testsuite skipped="0" hostname="Lenovo-PC" name="com.App.qa.testcases.TC02_ProductListing" tests="1" failures="0" timestamp="2020-05-29T18:19:52 IST" time="18.393" errors="0">
  <testcase name="TC02ProductListing" time="18.393" classname="com.App.qa.testcases.TC02_ProductListing"/>
  <system-out/>
</testsuite> <!-- com.App.qa.testcases.TC02_ProductListing -->
