<?xml version="1.0" encoding="UTF-8"?>
<!-- Generated by org.testng.reporters.JUnitReportReporter -->
<testsuite skipped="0" hostname="Lenovo-PC" name="com.App.qa.testcases.TC03_UpdateProduct" tests="4" failures="0" timestamp="2020-05-29T18:19:52 IST" time="28.194" errors="0">
  <testcase name="navigateToProductLink" time="1.722" classname="com.App.qa.testcases.TC03_UpdateProduct"/>
  <system-out/>
  <testcase name="TC03UpdateProduct" time="6.542" classname="com.App.qa.testcases.TC03_UpdateProduct"/>
  <system-out/>
  <testcase name="TC03UpdateProduct" time="18.446" classname="com.App.qa.testcases.TC03_UpdateProduct"/>
  <system-out/>
  <testcase name="logout" time="1.484" classname="com.App.qa.testcases.TC03_UpdateProduct"/>
  <system-out/>
</testsuite> <!-- com.App.qa.testcases.TC03_UpdateProduct -->
