<?xml version="1.0" encoding="UTF-8"?>
<!-- Generated by org.testng.reporters.JUnitReportReporter -->
<testsuite skipped="0" hostname="Lenovo-PC" name="com.App.qa.testcases.TC04_DeleteProduct" tests="5" failures="0" timestamp="2020-05-29T18:19:52 IST" time="28.273" errors="0">
  <testcase name="navigateToProductLink" time="11.758" classname="com.App.qa.testcases.TC04_DeleteProduct"/>
  <system-out/>
  <testcase name="TC04DeleteProduct" time="5.553" classname="com.App.qa.testcases.TC04_DeleteProduct"/>
  <system-out/>
  <testcase name="TC04DeleteProduct" time="4.289" classname="com.App.qa.testcases.TC04_DeleteProduct"/>
  <system-out/>
  <testcase name="TC04DeleteProduct" time="5.094" classname="com.App.qa.testcases.TC04_DeleteProduct"/>
  <system-out/>
  <testcase name="logout" time="1.579" classname="com.App.qa.testcases.TC04_DeleteProduct"/>
  <system-out/>
</testsuite> <!-- com.App.qa.testcases.TC04_DeleteProduct -->
